build/app/intermediates/manifest_merge_blame_file/debug/manifest-merger-blame-debug-report.txt
1<?xml version="1.0" encoding="utf-8"?>
2<manifest xmlns:android="http://schemas.android.com/apk/res/android"
3    package="com.example.ecommerce_app"
4    android:versionCode="1"
5    android:versionName="1.0.0" >
6
7    <uses-sdk
8        android:minSdkVersion="21"
9        android:targetSdkVersion="31" />
10    <!--
11         Flutter needs it to communicate with the running application
12         to allow setting breakpoints, to provide hot reload, etc.
13    -->
14    <uses-permission android:name="android.permission.INTERNET" />
14-->src\main\AndroidManifest.xml:4:5-66
14-->src\main\AndroidManifest.xml:4:22-64
15    <uses-permission android:name="android.permission.ACCESS_FINE_LOCATION" />
15-->src\main\AndroidManifest.xml:5:5-79
15-->src\main\AndroidManifest.xml:5:22-76
16    <uses-permission android:name="android.permission.ACCESS_COARSE_LOCATION" />
16-->src\main\AndroidManifest.xml:6:5-81
16-->src\main\AndroidManifest.xml:6:22-78
17    <uses-permission android:name="android.permission.ACCESS_NETWORK_STATE" />
17-->[com.google.firebase:firebase-auth:21.0.1] AndroidManifest.xml:24:5-79
17-->[com.google.firebase:firebase-auth:21.0.1] AndroidManifest.xml:24:22-76
18
19    <uses-feature
19-->[com.google.android.gms:play-services-maps:17.0.0] AndroidManifest.xml:26:5-28:35
20        android:glEsVersion="0x00020000"
20-->[com.google.android.gms:play-services-maps:17.0.0] AndroidManifest.xml:27:9-41
21        android:required="true" />
21-->[com.google.android.gms:play-services-maps:17.0.0] AndroidManifest.xml:28:9-32
22
23    <uses-permission android:name="android.permission.NFC" /> <!-- <uses-permission android:name="android.permission.ACCESS_ALL_DOWNLOADS" /> -->
23-->[:sslcommerzlibrary:] AndroidManifest.xml:11:5-62
23-->[:sslcommerzlibrary:] AndroidManifest.xml:11:22-59
24    <supports-screens
24-->[:sslcommerzlibrary:] AndroidManifest.xml:14:5-18:39
25        android:anyDensity="true"
25-->[:sslcommerzlibrary:] AndroidManifest.xml:15:9-34
26        android:largeScreens="true"
26-->[:sslcommerzlibrary:] AndroidManifest.xml:16:9-36
27        android:normalScreens="true"
27-->[:sslcommerzlibrary:] AndroidManifest.xml:17:9-37
28        android:smallScreens="true" />
28-->[:sslcommerzlibrary:] AndroidManifest.xml:18:9-36
29
30    <application
31        android:name="android.app.Application"
32        android:allowBackup="true"
32-->[:sslcommerzlibrary:] AndroidManifest.xml:21:9-35
33        android:appComponentFactory="androidx.core.app.CoreComponentFactory"
33-->[androidx.core:core:1.6.0] AndroidManifest.xml:24:18-86
34        android:debuggable="true"
35        android:icon="@mipmap/ic_launcher"
36        android:label="ecommerce_app"
37        android:largeHeap="true"
37-->[:sslcommerzlibrary:] AndroidManifest.xml:23:9-33
38        android:usesCleartextTraffic="true" >
39        <meta-data
40            android:name="com.google.android.geo.API_KEY"
41            android:value="AIzaSyAlTx7NmPjziRtGhBUIwbX9s9WztWsn9xo" />
42
43        <activity
44            android:name="com.example.ecommerce_app.MainActivity"
45            android:configChanges="orientation|keyboardHidden|keyboard|screenSize|smallestScreenSize|locale|layoutDirection|fontScale|screenLayout|density|uiMode"
46            android:exported="true"
47            android:hardwareAccelerated="true"
48            android:launchMode="singleTop"
49            android:theme="@style/LaunchTheme"
50            android:windowSoftInputMode="adjustResize" >
51
52            <!--
53                 Specifies an Android theme to apply to this Activity as soon as
54                 the Android process has started. This theme is visible to the user
55                 while the Flutter UI initializes. After that, this theme continues
56                 to determine the Window background behind the Flutter UI.
57            -->
58            <meta-data
59                android:name="io.flutter.embedding.android.NormalTheme"
60                android:resource="@style/NormalTheme" />
61
62            <intent-filter>
63                <action android:name="android.intent.action.MAIN" />
64
65                <category android:name="android.intent.category.LAUNCHER" />
66            </intent-filter>
67        </activity>
68        <!--
69             Don't delete the meta-data below.
70             This is used by the Flutter tool to generate GeneratedPluginRegistrant.java
71        -->
72        <meta-data
73            android:name="flutterEmbedding"
74            android:value="2" />
75
76        <service
76-->[:firebase_auth] AndroidManifest.xml:8:9-12:19
77            android:name="com.google.firebase.components.ComponentDiscoveryService"
77-->[:firebase_auth] AndroidManifest.xml:8:18-89
78            android:directBootAware="true"
78-->[com.google.firebase:firebase-common:20.0.0] AndroidManifest.xml:35:13-43
79            android:exported="false" >
79-->[com.google.firebase:firebase-auth:21.0.1] AndroidManifest.xml:76:13-37
80            <meta-data
80-->[:firebase_auth] AndroidManifest.xml:9:13-11:85
81                android:name="com.google.firebase.components:io.flutter.plugins.firebase.auth.FlutterFirebaseAuthRegistrar"
81-->[:firebase_auth] AndroidManifest.xml:10:17-124
82                android:value="com.google.firebase.components.ComponentRegistrar" />
82-->[:firebase_auth] AndroidManifest.xml:11:17-82
83            <meta-data
83-->[:cloud_firestore] AndroidManifest.xml:9:13-11:85
84                android:name="com.google.firebase.components:io.flutter.plugins.firebase.firestore.FlutterFirebaseFirestoreRegistrar"
84-->[:cloud_firestore] AndroidManifest.xml:10:17-134
85                android:value="com.google.firebase.components.ComponentRegistrar" />
85-->[:cloud_firestore] AndroidManifest.xml:11:17-82
86            <meta-data
86-->[:firebase_core] AndroidManifest.xml:9:13-11:85
87                android:name="com.google.firebase.components:io.flutter.plugins.firebase.core.FlutterFirebaseCoreRegistrar"
87-->[:firebase_core] AndroidManifest.xml:10:17-124
88                android:value="com.google.firebase.components.ComponentRegistrar" />
88-->[:firebase_core] AndroidManifest.xml:11:17-82
89            <meta-data
89-->[com.google.firebase:firebase-auth:21.0.1] AndroidManifest.xml:77:13-79:85
90                android:name="com.google.firebase.components:com.google.firebase.auth.FirebaseAuthRegistrar"
90-->[com.google.firebase:firebase-auth:21.0.1] AndroidManifest.xml:78:17-109
91                android:value="com.google.firebase.components.ComponentRegistrar" />
91-->[com.google.firebase:firebase-auth:21.0.1] AndroidManifest.xml:79:17-82
92            <meta-data
92-->[com.google.firebase:firebase-firestore:24.0.1] AndroidManifest.xml:20:13-22:85
93                android:name="com.google.firebase.components:com.google.firebase.firestore.FirestoreRegistrar"
93-->[com.google.firebase:firebase-firestore:24.0.1] AndroidManifest.xml:21:17-111
94                android:value="com.google.firebase.components.ComponentRegistrar" />
94-->[com.google.firebase:firebase-firestore:24.0.1] AndroidManifest.xml:22:17-82
95        </service>
96
97        <meta-data
97-->[:pay_android] AndroidManifest.xml:12:9-14:36
98            android:name="com.google.android.gms.wallet.api.enabled"
98-->[:pay_android] AndroidManifest.xml:13:13-69
99            android:value="true" />
99-->[:pay_android] AndroidManifest.xml:14:13-33
100
101        <service
101-->[:location] AndroidManifest.xml:11:9-15:56
102            android:name="com.lyokone.location.FlutterLocationService"
102-->[:location] AndroidManifest.xml:12:13-71
103            android:enabled="true"
103-->[:location] AndroidManifest.xml:13:13-35
104            android:exported="false"
104-->[:location] AndroidManifest.xml:14:13-37
105            android:foregroundServiceType="location" />
105-->[:location] AndroidManifest.xml:15:13-53
106
107        <activity
107-->[com.google.firebase:firebase-auth:21.0.1] AndroidManifest.xml:27:9-44:20
108            android:name="com.google.firebase.auth.internal.GenericIdpActivity"
108-->[com.google.firebase:firebase-auth:21.0.1] AndroidManifest.xml:28:13-80
109            android:excludeFromRecents="true"
109-->[com.google.firebase:firebase-auth:21.0.1] AndroidManifest.xml:29:13-46
110            android:exported="true"
110-->[com.google.firebase:firebase-auth:21.0.1] AndroidManifest.xml:30:13-36
111            android:launchMode="singleTask"
111-->[com.google.firebase:firebase-auth:21.0.1] AndroidManifest.xml:31:13-44
112            android:theme="@android:style/Theme.Translucent.NoTitleBar" >
112-->[com.google.firebase:firebase-auth:21.0.1] AndroidManifest.xml:32:13-72
113            <intent-filter>
113-->[com.google.firebase:firebase-auth:21.0.1] AndroidManifest.xml:33:13-43:29
114                <action android:name="android.intent.action.VIEW" />
114-->[com.google.firebase:firebase-auth:21.0.1] AndroidManifest.xml:34:17-69
114-->[com.google.firebase:firebase-auth:21.0.1] AndroidManifest.xml:34:25-66
115
116                <category android:name="android.intent.category.DEFAULT" />
116-->[com.google.firebase:firebase-auth:21.0.1] AndroidManifest.xml:36:17-76
116-->[com.google.firebase:firebase-auth:21.0.1] AndroidManifest.xml:36:27-73
117                <category android:name="android.intent.category.BROWSABLE" />
117-->[com.google.firebase:firebase-auth:21.0.1] AndroidManifest.xml:37:17-78
117-->[com.google.firebase:firebase-auth:21.0.1] AndroidManifest.xml:37:27-75
118
119                <data
119-->[com.google.firebase:firebase-auth:21.0.1] AndroidManifest.xml:39:17-42:51
120                    android:host="firebase.auth"
120-->[com.google.firebase:firebase-auth:21.0.1] AndroidManifest.xml:40:21-49
121                    android:path="/"
121-->[com.google.firebase:firebase-auth:21.0.1] AndroidManifest.xml:41:21-37
122                    android:scheme="genericidp" />
122-->[com.google.firebase:firebase-auth:21.0.1] AndroidManifest.xml:42:21-48
123            </intent-filter>
124        </activity>
125        <activity
125-->[com.google.firebase:firebase-auth:21.0.1] AndroidManifest.xml:45:9-62:20
126            android:name="com.google.firebase.auth.internal.RecaptchaActivity"
126-->[com.google.firebase:firebase-auth:21.0.1] AndroidManifest.xml:46:13-79
127            android:excludeFromRecents="true"
127-->[com.google.firebase:firebase-auth:21.0.1] AndroidManifest.xml:47:13-46
128            android:exported="true"
128-->[com.google.firebase:firebase-auth:21.0.1] AndroidManifest.xml:48:13-36
129            android:launchMode="singleTask"
129-->[com.google.firebase:firebase-auth:21.0.1] AndroidManifest.xml:49:13-44
130            android:theme="@android:style/Theme.Translucent.NoTitleBar" >
130-->[com.google.firebase:firebase-auth:21.0.1] AndroidManifest.xml:50:13-72
131            <intent-filter>
131-->[com.google.firebase:firebase-auth:21.0.1] AndroidManifest.xml:51:13-61:29
132                <action android:name="android.intent.action.VIEW" />
132-->[com.google.firebase:firebase-auth:21.0.1] AndroidManifest.xml:34:17-69
132-->[com.google.firebase:firebase-auth:21.0.1] AndroidManifest.xml:34:25-66
133
134                <category android:name="android.intent.category.DEFAULT" />
134-->[com.google.firebase:firebase-auth:21.0.1] AndroidManifest.xml:36:17-76
134-->[com.google.firebase:firebase-auth:21.0.1] AndroidManifest.xml:36:27-73
135                <category android:name="android.intent.category.BROWSABLE" />
135-->[com.google.firebase:firebase-auth:21.0.1] AndroidManifest.xml:37:17-78
135-->[com.google.firebase:firebase-auth:21.0.1] AndroidManifest.xml:37:27-75
136
137                <data
137-->[com.google.firebase:firebase-auth:21.0.1] AndroidManifest.xml:39:17-42:51
138                    android:host="firebase.auth"
138-->[com.google.firebase:firebase-auth:21.0.1] AndroidManifest.xml:40:21-49
139                    android:path="/"
139-->[com.google.firebase:firebase-auth:21.0.1] AndroidManifest.xml:41:21-37
140                    android:scheme="recaptcha" />
140-->[com.google.firebase:firebase-auth:21.0.1] AndroidManifest.xml:42:21-48
141            </intent-filter>
142        </activity>
143
144        <service
144-->[com.google.firebase:firebase-auth:21.0.1] AndroidManifest.xml:64:9-73:19
145            android:name="com.google.firebase.auth.api.fallback.service.FirebaseAuthFallbackService"
145-->[com.google.firebase:firebase-auth:21.0.1] AndroidManifest.xml:65:13-101
146            android:enabled="true"
146-->[com.google.firebase:firebase-auth:21.0.1] AndroidManifest.xml:66:13-35
147            android:exported="false" >
147-->[com.google.firebase:firebase-auth:21.0.1] AndroidManifest.xml:67:13-37
148            <intent-filter>
148-->[com.google.firebase:firebase-auth:21.0.1] AndroidManifest.xml:68:13-72:29
149                <action android:name="com.google.firebase.auth.api.gms.service.START" />
149-->[com.google.firebase:firebase-auth:21.0.1] AndroidManifest.xml:69:17-89
149-->[com.google.firebase:firebase-auth:21.0.1] AndroidManifest.xml:69:25-86
150
151                <category android:name="android.intent.category.DEFAULT" />
151-->[com.google.firebase:firebase-auth:21.0.1] AndroidManifest.xml:36:17-76
151-->[com.google.firebase:firebase-auth:21.0.1] AndroidManifest.xml:36:27-73
152            </intent-filter>
153        </service>
154
155        <provider
155-->[com.google.firebase:firebase-common:20.0.0] AndroidManifest.xml:26:9-31:39
156            android:name="com.google.firebase.provider.FirebaseInitProvider"
156-->[com.google.firebase:firebase-common:20.0.0] AndroidManifest.xml:27:13-77
157            android:authorities="com.example.ecommerce_app.firebaseinitprovider"
157-->[com.google.firebase:firebase-common:20.0.0] AndroidManifest.xml:28:13-72
158            android:directBootAware="true"
158-->[com.google.firebase:firebase-common:20.0.0] AndroidManifest.xml:29:13-43
159            android:exported="false"
159-->[com.google.firebase:firebase-common:20.0.0] AndroidManifest.xml:30:13-37
160            android:initOrder="100" /> <!-- Needs to be explicitly declared on P+ -->
160-->[com.google.firebase:firebase-common:20.0.0] AndroidManifest.xml:31:13-36
161        <uses-library
161-->[com.google.android.gms:play-services-maps:17.0.0] AndroidManifest.xml:33:9-35:40
162            android:name="org.apache.http.legacy"
162-->[com.google.android.gms:play-services-maps:17.0.0] AndroidManifest.xml:34:13-50
163            android:required="false" />
163-->[com.google.android.gms:play-services-maps:17.0.0] AndroidManifest.xml:35:13-37
164
165        <activity
165-->[com.google.android.gms:play-services-auth:20.0.1] AndroidManifest.xml:23:9-27:75
166            android:name="com.google.android.gms.auth.api.signin.internal.SignInHubActivity"
166-->[com.google.android.gms:play-services-auth:20.0.1] AndroidManifest.xml:24:13-93
167            android:excludeFromRecents="true"
167-->[com.google.android.gms:play-services-auth:20.0.1] AndroidManifest.xml:25:13-46
168            android:exported="false"
168-->[com.google.android.gms:play-services-auth:20.0.1] AndroidManifest.xml:26:13-37
169            android:theme="@android:style/Theme.Translucent.NoTitleBar" />
169-->[com.google.android.gms:play-services-auth:20.0.1] AndroidManifest.xml:27:13-72
170        <!--
171            Service handling Google Sign-In user revocation. For apps that do not integrate with
172            Google Sign-In, this service will never be started.
173        -->
174        <service
174-->[com.google.android.gms:play-services-auth:20.0.1] AndroidManifest.xml:33:9-37:51
175            android:name="com.google.android.gms.auth.api.signin.RevocationBoundService"
175-->[com.google.android.gms:play-services-auth:20.0.1] AndroidManifest.xml:34:13-89
176            android:exported="true"
176-->[com.google.android.gms:play-services-auth:20.0.1] AndroidManifest.xml:35:13-36
177            android:permission="com.google.android.gms.auth.api.signin.permission.REVOCATION_NOTIFICATION"
177-->[com.google.android.gms:play-services-auth:20.0.1] AndroidManifest.xml:36:13-107
178            android:visibleToInstantApps="true" />
178-->[com.google.android.gms:play-services-auth:20.0.1] AndroidManifest.xml:37:13-48
179
180        <activity
180-->[com.google.android.gms:play-services-base:18.0.1] AndroidManifest.xml:20:9-22:45
181            android:name="com.google.android.gms.common.api.GoogleApiActivity"
181-->[com.google.android.gms:play-services-base:18.0.1] AndroidManifest.xml:20:19-85
182            android:exported="false"
182-->[com.google.android.gms:play-services-base:18.0.1] AndroidManifest.xml:22:19-43
183            android:theme="@android:style/Theme.Translucent.NoTitleBar" />
183-->[com.google.android.gms:play-services-base:18.0.1] AndroidManifest.xml:21:19-78
184
185        <meta-data
185-->[com.google.android.gms:play-services-basement:18.0.0] AndroidManifest.xml:21:9-23:69
186            android:name="com.google.android.gms.version"
186-->[com.google.android.gms:play-services-basement:18.0.0] AndroidManifest.xml:22:13-58
187            android:value="@integer/google_play_services_version" />
187-->[com.google.android.gms:play-services-basement:18.0.0] AndroidManifest.xml:23:13-66
188
189        <activity
189-->[:sslcommerzlibrary:] AndroidManifest.xml:24:9-29:67
190            android:name="com.sslwireless.sslcommerzlibrary.view.activity.MainUIActivitySSLC"
190-->[:sslcommerzlibrary:] AndroidManifest.xml:25:13-94
191            android:configChanges="layoutDirection|locale"
191-->[:sslcommerzlibrary:] AndroidManifest.xml:26:13-59
192            android:screenOrientation="portrait"
192-->[:sslcommerzlibrary:] AndroidManifest.xml:27:13-49
193            android:theme="@style/Theme.AppCompat.Light.NoActionBar"
193-->[:sslcommerzlibrary:] AndroidManifest.xml:28:13-69
194            android:windowSoftInputMode="stateHidden|adjustPan" />
194-->[:sslcommerzlibrary:] AndroidManifest.xml:29:13-64
195        <activity
195-->[:sslcommerzlibrary:] AndroidManifest.xml:30:9-34:58
196            android:name="com.sslwireless.sslcommerzlibrary.view.activity.WebViewActivitySSLC"
196-->[:sslcommerzlibrary:] AndroidManifest.xml:31:13-95
197            android:screenOrientation="portrait"
197-->[:sslcommerzlibrary:] AndroidManifest.xml:32:13-49
198            android:theme="@style/Theme.AppCompat.Light.NoActionBar"
198-->[:sslcommerzlibrary:] AndroidManifest.xml:33:13-69
199            android:windowSoftInputMode="adjustResize" />
199-->[:sslcommerzlibrary:] AndroidManifest.xml:34:13-55
200        <activity
200-->[:sslcommerzlibrary:] AndroidManifest.xml:35:9-39:55
201            android:name="com.sslwireless.sslcommerzlibrary.view.activity.SSLOffersActivitySSLC"
201-->[:sslcommerzlibrary:] AndroidManifest.xml:36:13-97
202            android:screenOrientation="portrait"
202-->[:sslcommerzlibrary:] AndroidManifest.xml:37:13-49
203            android:theme="@style/Theme.AppCompat.Light.NoActionBar"
203-->[:sslcommerzlibrary:] AndroidManifest.xml:38:13-69
204            android:windowSoftInputMode="adjustPan" />
204-->[:sslcommerzlibrary:] AndroidManifest.xml:39:13-52
205        <activity
205-->[:sslcommerzlibrary:] AndroidManifest.xml:40:9-44:55
206            android:name="com.sslwireless.sslcommerzlibrary.view.activity.FAQActivitySSLC"
206-->[:sslcommerzlibrary:] AndroidManifest.xml:41:13-91
207            android:screenOrientation="portrait"
207-->[:sslcommerzlibrary:] AndroidManifest.xml:42:13-49
208            android:theme="@style/Theme.AppCompat.Light.NoActionBar"
208-->[:sslcommerzlibrary:] AndroidManifest.xml:43:13-69
209            android:windowSoftInputMode="adjustPan" />
209-->[:sslcommerzlibrary:] AndroidManifest.xml:44:13-52
210        <activity
210-->[:sslcommerzlibrary:] AndroidManifest.xml:45:9-49:55
211            android:name="com.sslwireless.sslcommerzlibrary.view.activity.SupportActivitySSLC"
211-->[:sslcommerzlibrary:] AndroidManifest.xml:46:13-95
212            android:screenOrientation="portrait"
212-->[:sslcommerzlibrary:] AndroidManifest.xml:47:13-49
213            android:theme="@style/Theme.AppCompat.Light.NoActionBar"
213-->[:sslcommerzlibrary:] AndroidManifest.xml:48:13-69
214            android:windowSoftInputMode="adjustPan" />
214-->[:sslcommerzlibrary:] AndroidManifest.xml:49:13-52
215        <activity
215-->[:sslcommerzlibrary:] AndroidManifest.xml:50:9-54:55
216            android:name="com.sslwireless.sslcommerzlibrary.view.activity.ActivityReadNFC"
216-->[:sslcommerzlibrary:] AndroidManifest.xml:51:13-91
217            android:screenOrientation="portrait"
217-->[:sslcommerzlibrary:] AndroidManifest.xml:52:13-49
218            android:theme="@style/Theme.AppCompat.Light.NoActionBar"
218-->[:sslcommerzlibrary:] AndroidManifest.xml:53:13-69
219            android:windowSoftInputMode="adjustPan" /> <!-- <activity -->
219-->[:sslcommerzlibrary:] AndroidManifest.xml:54:13-52
220        <!-- android:name=".view.activity.NFCCardReading" -->
221        <!-- android:screenOrientation="portrait" -->
222        <!-- android:hardwareAccelerated="false"> -->
223        <!-- <intent-filter> -->
224        <!-- <action android:name="android.nfc.action.TECH_DISCOVERED" /> -->
225        <!-- <category android:name="android.intent.category.DEFAULT" /> -->
226        <!-- </intent-filter> -->
227        <!-- <meta-data -->
228        <!-- android:name="android.nfc.action.TECH_DISCOVERED" -->
229        <!-- android:resource="@xml/nfc_tech_filter" /> -->
230        <!-- </activity> -->
231        <receiver
231-->[:sslcommerzlibrary:] AndroidManifest.xml:72:9-78:20
232            android:name="com.sslwireless.sslcommerzlibrary.view.custom.SSLSmsBroadcastReceiver"
232-->[:sslcommerzlibrary:] AndroidManifest.xml:73:13-97
233            android:exported="true" >
233-->[:sslcommerzlibrary:] AndroidManifest.xml:74:13-36
234            <intent-filter>
234-->[:sslcommerzlibrary:] AndroidManifest.xml:75:13-77:29
235                <action android:name="com.google.android.gms.auth.api.phone.SMS_RETRIEVE" />
235-->[:sslcommerzlibrary:] AndroidManifest.xml:76:17-93
235-->[:sslcommerzlibrary:] AndroidManifest.xml:76:25-90
236            </intent-filter>
237        </receiver>
238    </application>
239
240</manifest>